<?xml version="1.0" encoding="UTF-8"?>
<testng-results ignored="0" total="1" passed="1" failed="0" skipped="0">
  <reporter-output>
  </reporter-output>
  <suite started-at="2021-08-04T20:47:06 IST" name="Default suite" finished-at="2021-08-04T20:47:11 IST" duration-ms="5010">
    <groups>
    </groups>
    <test started-at="2021-08-04T20:47:06 IST" name="Default test" finished-at="2021-08-04T20:47:11 IST" duration-ms="5010">
      <class name="tests.SentInvitationsTest">
        <test-method is-config="true" signature="invokeBrowser()[pri:0, instance:tests.SentInvitationsTest@48e4374]" started-at="2021-08-04T20:47:06 IST" name="invokeBrowser" finished-at="2021-08-04T20:47:11 IST" duration-ms="4673" status="PASS">
          <reporter-output>
          </reporter-output>
        </test-method> <!-- invokeBrowser -->
        <test-method signature="paginationTest()[pri:0, instance:tests.SentInvitationsTest@48e4374]" started-at="2021-08-04T20:47:11 IST" name="paginationTest" finished-at="2021-08-04T20:47:11 IST" duration-ms="255" status="PASS">
          <reporter-output>
          </reporter-output>
        </test-method> <!-- paginationTest -->
        <test-method is-config="true" signature="closeBrowser()[pri:0, instance:tests.SentInvitationsTest@48e4374]" started-at="2021-08-04T20:47:11 IST" name="closeBrowser" finished-at="2021-08-04T20:47:11 IST" duration-ms="2" status="PASS">
          <reporter-output>
          </reporter-output>
        </test-method> <!-- closeBrowser -->
      </class> <!-- tests.SentInvitationsTest -->
    </test> <!-- Default test -->
  </suite> <!-- Default suite -->
</testng-results>
